<?xml version="1.0" encoding="UTF-8"?>
<!-- Generated by org.testng.reporters.JUnitXMLReporter -->
<testsuite ignored="0" hostname="CSGBTPLT703" failures="2" tests="4" name="chrome_test" time="34.831" errors="0" timestamp="2024-12-02T16:16:25 IST">
  <testcase classname="io.cucumber.testng.AbstractTestNGCucumberTests" name="runScenario" time="11.718"/>
  <testcase classname="io.cucumber.testng.AbstractTestNGCucumberTests" name="runScenario" time="16.439">
    <failure type="java.lang.AssertionError" message="The following asserts failed:
	null">
      <![CDATA[java.lang.AssertionError: The following asserts failed:
null
at ui.creative.stepdefinitions.Hooks.teardown(Hooks.java:61)
... Removed 2 stack frames]]>
    </failure>
  </testcase> <!-- runScenario -->
  <testcase classname="io.cucumber.testng.AbstractTestNGCucumberTests" name="runScenario" time="17.611"/>
  <testcase classname="io.cucumber.testng.AbstractTestNGCucumberTests" name="runScenario" time="33.214">
    <failure type="java.lang.AssertionError" message="The following asserts failed:
	expected [Products Price arranged SuccessFully to Low to High] but found [Products Price NOT arranged SuccessFully to Low to High],
	expected [Products Price SuccessFully arranged to High to Low] but found [Products Price NOT SuccessFully arranged  to High to Low]">
      <![CDATA[java.lang.AssertionError: The following asserts failed:
expected [Products Price arranged SuccessFully to Low to High] but found [Products Price NOT arranged SuccessFully to Low to High],
expected [Products Price SuccessFully arranged to High to Low] but found [Products Price NOT SuccessFully arranged  to High to Low]
at ui.creative.stepdefinitions.Hooks.teardown(Hooks.java:61)
... Removed 2 stack frames]]>
    </failure>
  </testcase> <!-- runScenario -->
</testsuite> <!-- chrome_test -->
