<html>
<head>
<title>TestNG:  edge_test</title>
<link href="../testng.css" rel="stylesheet" type="text/css" />
<link href="../my-testng.css" rel="stylesheet" type="text/css" />

<style type="text/css">
.log { display: none;} 
.stack-trace { display: none;} 
</style>
<script type="text/javascript">
<!--
function flip(e) {
  current = e.style.display;
  if (current == 'block') {
    e.style.display = 'none';
    return 0;
  }
  else {
    e.style.display = 'block';
    return 1;
  }
}

function toggleBox(szDivId, elem, msg1, msg2)
{
  var res = -1;  if (document.getElementById) {
    res = flip(document.getElementById(szDivId));
  }
  else if (document.all) {
    // this is the way old msie versions work
    res = flip(document.all[szDivId]);
  }
  if(elem) {
    if(res == 0) elem.innerHTML = msg1; else elem.innerHTML = msg2;
  }

}

function toggleAllBoxes() {
  if (document.getElementsByTagName) {
    d = document.getElementsByTagName('div');
    for (i = 0; i < d.length; i++) {
      if (d[i].className == 'log') {
        flip(d[i]);
      }
    }
  }
}

// -->
</script>

</head>
<body>
<h2 align='center'>edge_test</h2><table border='1' align="center">
<tr>
<td>Tests passed/Failed/Skipped:</td><td>2/2/0</td>
</tr><tr>
<td>Started on:</td><td>Mon Dec 02 16:17:04 IST 2024</td>
</tr>
<tr><td>Total time:</td><td>36 seconds (36152 ms)</td>
</tr><tr>
<td>Included groups:</td><td></td>
</tr><tr>
<td>Excluded groups:</td><td></td>
</tr>
</table><p/>
<small><i>(Hover the method name to see the test class name)</i></small><p/>
<table width='100%' border='1' class='invocation-failed'>
<tr><td colspan='4' align='center'><b>FAILED TESTS</b></td></tr>
<tr><td><b>Test method</b></td>
<td width="30%"><b>Exception</b></td>
<td width="10%"><b>Time (seconds)</b></td>
<td><b>Instance</b></td>
</tr>
<tr>
<td title='ui.creative.dynamictestrunners.Cross_Browser_Parallel_Property_Runner_01_4.runScenario()'><b>runScenario</b><br>Test class: ui.creative.dynamictestrunners.Cross_Browser_Parallel_Property_Runner_01_4<br>Test method: Runs Cucumber Scenarios<br>Parameters: "DWS_10 Sort Products by Price", "Demo Webshop application"</td>
<td><div><pre>java.lang.AssertionError: The following asserts failed:
	expected [Products Price arranged SuccessFully to Low to High] but found [Products Price NOT arranged SuccessFully to Low to High],
	expected [Products Price SuccessFully arranged to High to Low] but found [Products Price NOT SuccessFully arranged  to High to Low]
	at ui.creative.stepdefinitions.Hooks.teardown(Hooks.java:61)
... Removed 2 stack frames</pre></div><a href='#' onClick='toggleBox("stack-trace2087238211", this, "Click to show all stack frames", "Click to hide stack frames")'>Click to show all stack frames</a>
<div class='stack-trace' id='stack-trace2087238211'><pre>java.lang.AssertionError: The following asserts failed:
	expected [Products Price arranged SuccessFully to Low to High] but found [Products Price NOT arranged SuccessFully to Low to High],
	expected [Products Price SuccessFully arranged to High to Low] but found [Products Price NOT SuccessFully arranged  to High to Low]
	at org.testng.asserts.SoftAssert.assertAll(SoftAssert.java:47)
	at org.testng.asserts.SoftAssert.assertAll(SoftAssert.java:31)
	at ui.creative.stepdefinitions.Hooks.teardown(Hooks.java:61)
</pre></div></td>
<td>35</td>
<td>ui.creative.dynamictestrunners.Cross_Browser_Parallel_Property_Runner_01_4@7b02881e</td></tr>
<tr>
<td title='ui.creative.dynamictestrunners.Cross_Browser_Parallel_Property_Runner_01_3.runScenario()'><b>runScenario</b><br>Test class: ui.creative.dynamictestrunners.Cross_Browser_Parallel_Property_Runner_01_3<br>Test method: Runs Cucumber Scenarios<br>Parameters: "DWS_05 Search Computing and internet", "Demo Webshop application"</td>
<td><div><pre>java.lang.AssertionError: The following asserts failed:
	null
	at ui.creative.stepdefinitions.Hooks.teardown(Hooks.java:61)
... Removed 2 stack frames</pre></div><a href='#' onClick='toggleBox("stack-trace1089223650", this, "Click to show all stack frames", "Click to hide stack frames")'>Click to show all stack frames</a>
<div class='stack-trace' id='stack-trace1089223650'><pre>java.lang.AssertionError: The following asserts failed:
	null
	at org.testng.asserts.SoftAssert.assertAll(SoftAssert.java:47)
	at org.testng.asserts.SoftAssert.assertAll(SoftAssert.java:31)
	at ui.creative.stepdefinitions.Hooks.teardown(Hooks.java:61)
</pre></div></td>
<td>16</td>
<td>ui.creative.dynamictestrunners.Cross_Browser_Parallel_Property_Runner_01_3@6db9f5a4</td></tr>
</table><p>
<table width='100%' border='1' class='invocation-passed'>
<tr><td colspan='4' align='center'><b>PASSED TESTS</b></td></tr>
<tr><td><b>Test method</b></td>
<td width="30%"><b>Exception</b></td>
<td width="10%"><b>Time (seconds)</b></td>
<td><b>Instance</b></td>
</tr>
<tr>
<td title='ui.creative.dynamictestrunners.Cross_Browser_Parallel_Property_Runner_01_1.runScenario()'><b>runScenario</b><br>Test class: ui.creative.dynamictestrunners.Cross_Browser_Parallel_Property_Runner_01_1<br>Test method: Runs Cucumber Scenarios<br>Parameters: "DWS_01 Validate community pool", "Demo Webshop application"</td>
<td></td>
<td>10</td>
<td>ui.creative.dynamictestrunners.Cross_Browser_Parallel_Property_Runner_01_1@424e1977</td></tr>
<tr>
<td title='ui.creative.dynamictestrunners.Cross_Browser_Parallel_Property_Runner_01_2.runScenario()'><b>runScenario</b><br>Test class: ui.creative.dynamictestrunners.Cross_Browser_Parallel_Property_Runner_01_2<br>Test method: Runs Cucumber Scenarios<br>Parameters: "DWS_04 Validate customer details", "Demo Webshop application"</td>
<td></td>
<td>17</td>
<td>ui.creative.dynamictestrunners.Cross_Browser_Parallel_Property_Runner_01_2@117e949d</td></tr>
</table><p>
</body>
</html>