<?xml version="1.0" encoding="UTF-8"?>
<!-- Generated by org.testng.reporters.JUnitXMLReporter -->
<testsuite ignored="0" hostname="CSGBTPLT703" failures="2" tests="4" name="firefox_test" time="39.323" errors="0" timestamp="2024-12-02T16:17:04 IST">
  <testcase classname="io.cucumber.testng.AbstractTestNGCucumberTests" name="runScenario" time="15.398"/>
  <testcase classname="io.cucumber.testng.AbstractTestNGCucumberTests" name="runScenario" time="16.741">
    <failure type="java.lang.AssertionError" message="The following asserts failed:
	null">
      <![CDATA[java.lang.AssertionError: The following asserts failed:
null
at ui.creative.stepdefinitions.Hooks.teardown(Hooks.java:61)
... Removed 2 stack frames]]>
    </failure>
  </testcase> <!-- runScenario -->
  <testcase classname="io.cucumber.testng.AbstractTestNGCucumberTests" name="runScenario" time="20.711"/>
  <testcase classname="io.cucumber.testng.AbstractTestNGCucumberTests" name="runScenario" time="38.894">
    <failure type="java.lang.AssertionError" message="The following asserts failed:
	expected [Products Price arranged SuccessFully to Low to High] but found [Products Price NOT arranged SuccessFully to Low to High],
	expected [Products Price SuccessFully arranged to High to Low] but found [Products Price NOT SuccessFully arranged  to High to Low]">
      <![CDATA[java.lang.AssertionError: The following asserts failed:
expected [Products Price arranged SuccessFully to Low to High] but found [Products Price NOT arranged SuccessFully to Low to High],
expected [Products Price SuccessFully arranged to High to Low] but found [Products Price NOT SuccessFully arranged  to High to Low]
at ui.creative.stepdefinitions.Hooks.teardown(Hooks.java:61)
... Removed 2 stack frames]]>
    </failure>
  </testcase> <!-- runScenario -->
</testsuite> <!-- firefox_test -->
