<?xml version="1.0" encoding="UTF-8"?>
<!-- Generated by org.testng.reporters.JUnitReportReporter -->
<testsuite hostname="CSGBTPWS092" failures="2" tests="2" name="DemoWebShop.TestRunners.Property_Runner" time="37.475" errors="0" timestamp="01 Aug 2023 12:09:27 GMT" skipped="0">
  <testcase classname="DemoWebShop.TestRunners.Property_Runner" name="runScenario" time="18.453">
    <failure message="The following asserts failed:
	null,
	expected [] but found [Only registered users can vote.]" type="java.lang.AssertionError">
      <![CDATA[java.lang.AssertionError: The following asserts failed:
null,
expected [] but found [Only registered users can vote.]
at org.testng.asserts.SoftAssert.assertAll(SoftAssert.java:43)
at DemoWebShop.stepDefinitions.UI.Hooks.teardown(Hooks.java:42)
]]>
    </failure>
  </testcase> <!-- runScenario -->
  <testcase classname="DemoWebShop.TestRunners.Property_Runner" name="runScenario" time="19.022">
    <failure message="The following asserts failed:
	null,
	expected [] but found [Only registered users can vote.]" type="java.lang.AssertionError">
      <![CDATA[java.lang.AssertionError: The following asserts failed:
null,
expected [] but found [Only registered users can vote.]
at org.testng.asserts.SoftAssert.assertAll(SoftAssert.java:43)
at DemoWebShop.stepDefinitions.UI.Hooks.teardown(Hooks.java:42)
]]>
    </failure>
  </testcase> <!-- runScenario -->
</testsuite> <!-- DemoWebShop.TestRunners.Property_Runner -->
