<?xml version="1.0" encoding="UTF-8"?>
<!-- Generated by org.testng.reporters.JUnitReportReporter -->
<testsuite hostname="CSGBTPWS092" failures="1" tests="3" name="DemoWebShop.TestRunners.Cross_Browser_Parallel_Property_Runner_01_3" time="365.956" errors="0" timestamp="09 Aug 2023 11:30:26 GMT" skipped="0">
  <testcase classname="DemoWebShop.TestRunners.Cross_Browser_Parallel_Property_Runner_01_3" name="runScenario" time="151.504"/>
  <testcase classname="DemoWebShop.TestRunners.Cross_Browser_Parallel_Property_Runner_01_3" name="runScenario" time="124.497"/>
  <testcase classname="DemoWebShop.TestRunners.Cross_Browser_Parallel_Property_Runner_01_3" name="runScenario" time="89.955">
    <failure message="The following asserts failed:
	null" type="java.lang.AssertionError">
      <![CDATA[java.lang.AssertionError: The following asserts failed:
null
at org.testng.asserts.SoftAssert.assertAll(SoftAssert.java:43)
at DemoWebShop.stepDefinitions.UI.Hooks.teardown(Hooks.java:51)
]]>
    </failure>
  </testcase> <!-- runScenario -->
</testsuite> <!-- DemoWebShop.TestRunners.Cross_Browser_Parallel_Property_Runner_01_3 -->
