<?xml version="1.0" encoding="UTF-8"?>
<!-- Generated by org.testng.reporters.JUnitReportReporter -->
<testsuite hostname="CSGBTPWS092" failures="3" tests="3" name="DemoWebShop.TestRunners.Cross_Browser_Parallel_Property_Runner_01_10" time="314.626" errors="0" timestamp="09 Aug 2023 11:30:26 GMT" skipped="0">
  <testcase classname="DemoWebShop.TestRunners.Cross_Browser_Parallel_Property_Runner_01_10" name="runScenario" time="84.545">
    <failure message="The following asserts failed:
	expected [Products Price arranged SuccessFully to Low to High] but found [Products Price NOT arranged SuccessFully to Low to High],
	expected [Products Price SuccessFully arranged to High to Low] but found [Products Price NOT SuccessFully arranged  to High to Low]" type="java.lang.AssertionError">
      <![CDATA[java.lang.AssertionError: The following asserts failed:
expected [Products Price arranged SuccessFully to Low to High] but found [Products Price NOT arranged SuccessFully to Low to High],
expected [Products Price SuccessFully arranged to High to Low] but found [Products Price NOT SuccessFully arranged  to High to Low]
at org.testng.asserts.SoftAssert.assertAll(SoftAssert.java:43)
at DemoWebShop.stepDefinitions.UI.Hooks.teardown(Hooks.java:51)
]]>
    </failure>
  </testcase> <!-- runScenario -->
  <testcase classname="DemoWebShop.TestRunners.Cross_Browser_Parallel_Property_Runner_01_10" name="runScenario" time="135.134">
    <failure message="The following asserts failed:
	expected [Products Price arranged SuccessFully to Low to High] but found [Products Price NOT arranged SuccessFully to Low to High],
	expected [Products Price SuccessFully arranged to High to Low] but found [Products Price NOT SuccessFully arranged  to High to Low]" type="java.lang.AssertionError">
      <![CDATA[java.lang.AssertionError: The following asserts failed:
expected [Products Price arranged SuccessFully to Low to High] but found [Products Price NOT arranged SuccessFully to Low to High],
expected [Products Price SuccessFully arranged to High to Low] but found [Products Price NOT SuccessFully arranged  to High to Low]
at org.testng.asserts.SoftAssert.assertAll(SoftAssert.java:43)
at DemoWebShop.stepDefinitions.UI.Hooks.teardown(Hooks.java:51)
]]>
    </failure>
  </testcase> <!-- runScenario -->
  <testcase classname="DemoWebShop.TestRunners.Cross_Browser_Parallel_Property_Runner_01_10" name="runScenario" time="94.947">
    <failure message="The following asserts failed:
	expected [Products Price arranged SuccessFully to Low to High] but found [Products Price NOT arranged SuccessFully to Low to High],
	expected [Products Price SuccessFully arranged to High to Low] but found [Products Price NOT SuccessFully arranged  to High to Low]" type="java.lang.AssertionError">
      <![CDATA[java.lang.AssertionError: The following asserts failed:
expected [Products Price arranged SuccessFully to Low to High] but found [Products Price NOT arranged SuccessFully to Low to High],
expected [Products Price SuccessFully arranged to High to Low] but found [Products Price NOT SuccessFully arranged  to High to Low]
at org.testng.asserts.SoftAssert.assertAll(SoftAssert.java:43)
at DemoWebShop.stepDefinitions.UI.Hooks.teardown(Hooks.java:51)
]]>
    </failure>
  </testcase> <!-- runScenario -->
</testsuite> <!-- DemoWebShop.TestRunners.Cross_Browser_Parallel_Property_Runner_01_10 -->
