<?xml version="1.0" encoding="UTF-8"?>
<!-- Generated by org.testng.reporters.JUnitReportReporter -->
<testsuite hostname="CSGBTPWS092" failures="2" tests="3" name="DemoWebShop.TestRunners.Cross_Browser_Parallel_Property_Runner_01_2" time="381.002" errors="0" timestamp="09 Aug 2023 11:30:26 GMT" skipped="0">
  <testcase classname="DemoWebShop.TestRunners.Cross_Browser_Parallel_Property_Runner_01_2" name="runScenario" time="154.104">
    <failure message="The following asserts failed:
	null" type="java.lang.AssertionError">
      <![CDATA[java.lang.AssertionError: The following asserts failed:
null
at org.testng.asserts.SoftAssert.assertAll(SoftAssert.java:43)
at DemoWebShop.stepDefinitions.UI.Hooks.teardown(Hooks.java:51)
]]>
    </failure>
  </testcase> <!-- runScenario -->
  <testcase classname="DemoWebShop.TestRunners.Cross_Browser_Parallel_Property_Runner_01_2" name="runScenario" time="135.947">
    <failure message="The following asserts failed:
	null" type="java.lang.AssertionError">
      <![CDATA[java.lang.AssertionError: The following asserts failed:
null
at org.testng.asserts.SoftAssert.assertAll(SoftAssert.java:43)
at DemoWebShop.stepDefinitions.UI.Hooks.teardown(Hooks.java:51)
]]>
    </failure>
  </testcase> <!-- runScenario -->
  <testcase classname="DemoWebShop.TestRunners.Cross_Browser_Parallel_Property_Runner_01_2" name="runScenario" time="90.951"/>
</testsuite> <!-- DemoWebShop.TestRunners.Cross_Browser_Parallel_Property_Runner_01_2 -->
