<?xml version="1.0" encoding="UTF-8"?>
<!-- Generated by org.testng.reporters.JUnitXMLReporter -->
<testsuite ignored="0" hostname="CSGBTPWS092" failures="1" tests="5" name="Cucumber Tests - Fire fox" time="143.168" errors="0" timestamp="03 Aug 2023 05:18:10 GMT">
  <testcase classname="io.cucumber.testng.AbstractTestNGCucumberTests" name="runScenario" time="17.683"/>
  <testcase classname="io.cucumber.testng.AbstractTestNGCucumberTests" name="runScenario" time="22.485"/>
  <testcase classname="io.cucumber.testng.AbstractTestNGCucumberTests" name="runScenario" time="30.248"/>
  <testcase classname="io.cucumber.testng.AbstractTestNGCucumberTests" name="runScenario" time="27.497"/>
  <testcase classname="io.cucumber.testng.AbstractTestNGCucumberTests" name="runScenario" time="41.269">
    <failure type="java.lang.AssertionError" message="The following asserts failed:
	expected [Products Price Not arranged SuccessFully to Low to High] but found [Products Price arranged SuccessFully to Low to High],
	expected [Products Price Not SuccessFully arranged  to High to Low] but found [Products Price SuccessFully arranged  to High to Low]">
      <![CDATA[java.lang.AssertionError: The following asserts failed:
expected [Products Price Not arranged SuccessFully to Low to High] but found [Products Price arranged SuccessFully to Low to High],
expected [Products Price Not SuccessFully arranged  to High to Low] but found [Products Price SuccessFully arranged  to High to Low]
at DemoWebShop.stepDefinitions.UI.Hooks.teardown(Hooks.java:42)
... Removed 1 stack frames]]>
    </failure>
  </testcase> <!-- runScenario -->
</testsuite> <!-- Cucumber Tests - Fire fox -->
