<?xml version="1.0" encoding="UTF-8"?>
<!-- Generated by org.testng.reporters.JUnitXMLReporter -->
<testsuite ignored="0" hostname="CSGBTPWS092" failures="1" tests="5" name="Cucumber Tests - Chrome" time="118.092" errors="0" timestamp="03 Aug 2023 05:15:46 GMT">
  <testcase classname="io.cucumber.testng.AbstractTestNGCucumberTests" name="runScenario" time="11.656"/>
  <testcase classname="io.cucumber.testng.AbstractTestNGCucumberTests" name="runScenario" time="17.203"/>
  <testcase classname="io.cucumber.testng.AbstractTestNGCucumberTests" name="runScenario" time="20.782"/>
  <testcase classname="io.cucumber.testng.AbstractTestNGCucumberTests" name="runScenario" time="23.111"/>
  <testcase classname="io.cucumber.testng.AbstractTestNGCucumberTests" name="runScenario" time="40.894">
    <failure type="java.lang.AssertionError" message="The following asserts failed:
	expected [Products Price Not arranged SuccessFully to Low to High] but found [Products Price arranged SuccessFully to Low to High],
	expected [Products Price Not SuccessFully arranged  to High to Low] but found [Products Price SuccessFully arranged  to High to Low]">
      <![CDATA[java.lang.AssertionError: The following asserts failed:
expected [Products Price Not arranged SuccessFully to Low to High] but found [Products Price arranged SuccessFully to Low to High],
expected [Products Price Not SuccessFully arranged  to High to Low] but found [Products Price SuccessFully arranged  to High to Low]
at DemoWebShop.stepDefinitions.UI.Hooks.teardown(Hooks.java:42)
... Removed 1 stack frames]]>
    </failure>
  </testcase> <!-- runScenario -->
</testsuite> <!-- Cucumber Tests - Chrome -->
