<html>
<head>
<title>TestNG:  Cucumber Tests - Chrome</title>
<link href="../testng.css" rel="stylesheet" type="text/css" />
<link href="../my-testng.css" rel="stylesheet" type="text/css" />

<style type="text/css">
.log { display: none;} 
.stack-trace { display: none;} 
</style>
<script type="text/javascript">
<!--
function flip(e) {
  current = e.style.display;
  if (current == 'block') {
    e.style.display = 'none';
    return 0;
  }
  else {
    e.style.display = 'block';
    return 1;
  }
}

function toggleBox(szDivId, elem, msg1, msg2)
{
  var res = -1;  if (document.getElementById) {
    res = flip(document.getElementById(szDivId));
  }
  else if (document.all) {
    // this is the way old msie versions work
    res = flip(document.all[szDivId]);
  }
  if(elem) {
    if(res == 0) elem.innerHTML = msg1; else elem.innerHTML = msg2;
  }

}

function toggleAllBoxes() {
  if (document.getElementsByTagName) {
    d = document.getElementsByTagName('div');
    for (i = 0; i < d.length; i++) {
      if (d[i].className == 'log') {
        flip(d[i]);
      }
    }
  }
}

// -->
</script>

</head>
<body>
<h2 align='center'>Cucumber Tests - Chrome</h2><table border='1' align="center">
<tr>
<td>Tests passed/Failed/Skipped:</td><td>4/1/0</td>
</tr><tr>
<td>Started on:</td><td>Thu Aug 03 10:43:48 IST 2023</td>
</tr>
<tr><td>Total time:</td><td>118 seconds (118092 ms)</td>
</tr><tr>
<td>Included groups:</td><td></td>
</tr><tr>
<td>Excluded groups:</td><td></td>
</tr>
</table><p/>
<small><i>(Hover the method name to see the test class name)</i></small><p/>
<table width='100%' border='1' class='invocation-failed'>
<tr><td colspan='4' align='center'><b>FAILED TESTS</b></td></tr>
<tr><td><b>Test method</b></td>
<td width="30%"><b>Exception</b></td>
<td width="10%"><b>Time (seconds)</b></td>
<td><b>Instance</b></td>
</tr>
<tr>
<td title='DemoWebShop.TestRunners.Cross_Browser_Sequantial_Execution_.runScenario()'><b>runScenario</b><br>Test class: DemoWebShop.TestRunners.Cross_Browser_Sequantial_Execution_<br>Test method: Runs Cucumber Scenarios<br>Parameters: "DWS_10 Sort Products by Price", "Demo Webshop application"</td>
<td><div><pre>java.lang.AssertionError: The following asserts failed:
	expected [Products Price Not arranged SuccessFully to Low to High] but found [Products Price arranged SuccessFully to Low to High],
	expected [Products Price Not SuccessFully arranged  to High to Low] but found [Products Price SuccessFully arranged  to High to Low]
	at DemoWebShop.stepDefinitions.UI.Hooks.teardown(Hooks.java:42)
... Removed 1 stack frames</pre></div><a href='#' onClick='toggleBox("stack-trace388403657", this, "Click to show all stack frames", "Click to hide stack frames")'>Click to show all stack frames</a>
<div class='stack-trace' id='stack-trace388403657'><pre>java.lang.AssertionError: The following asserts failed:
	expected [Products Price Not arranged SuccessFully to Low to High] but found [Products Price arranged SuccessFully to Low to High],
	expected [Products Price Not SuccessFully arranged  to High to Low] but found [Products Price SuccessFully arranged  to High to Low]
	at org.testng.asserts.SoftAssert.assertAll(SoftAssert.java:43)
	at DemoWebShop.stepDefinitions.UI.Hooks.teardown(Hooks.java:42)
</pre></div></td>
<td>40</td>
<td>DemoWebShop.TestRunners.Cross_Browser_Sequantial_Execution_@5c5eefef</td></tr>
</table><p>
<table width='100%' border='1' class='invocation-passed'>
<tr><td colspan='4' align='center'><b>PASSED TESTS</b></td></tr>
<tr><td><b>Test method</b></td>
<td width="30%"><b>Exception</b></td>
<td width="10%"><b>Time (seconds)</b></td>
<td><b>Instance</b></td>
</tr>
<tr>
<td title='DemoWebShop.TestRunners.Cross_Browser_Sequantial_Execution_.runScenario()'><b>runScenario</b><br>Test class: DemoWebShop.TestRunners.Cross_Browser_Sequantial_Execution_<br>Test method: Runs Cucumber Scenarios<br>Parameters: "DWS_01 Validate community pool", "Demo Webshop application"</td>
<td></td>
<td>11</td>
<td>DemoWebShop.TestRunners.Cross_Browser_Sequantial_Execution_@5c5eefef</td></tr>
<tr>
<td title='DemoWebShop.TestRunners.Cross_Browser_Sequantial_Execution_.runScenario()'><b>runScenario</b><br>Test class: DemoWebShop.TestRunners.Cross_Browser_Sequantial_Execution_<br>Test method: Runs Cucumber Scenarios<br>Parameters: "DWS_04 Validate customer details", "Demo Webshop application"</td>
<td></td>
<td>17</td>
<td>DemoWebShop.TestRunners.Cross_Browser_Sequantial_Execution_@5c5eefef</td></tr>
<tr>
<td title='DemoWebShop.TestRunners.Cross_Browser_Sequantial_Execution_.runScenario()'><b>runScenario</b><br>Test class: DemoWebShop.TestRunners.Cross_Browser_Sequantial_Execution_<br>Test method: Runs Cucumber Scenarios<br>Parameters: "DWS_08 View and Edit User Profile", "Demo Webshop application"</td>
<td></td>
<td>20</td>
<td>DemoWebShop.TestRunners.Cross_Browser_Sequantial_Execution_@5c5eefef</td></tr>
<tr>
<td title='DemoWebShop.TestRunners.Cross_Browser_Sequantial_Execution_.runScenario()'><b>runScenario</b><br>Test class: DemoWebShop.TestRunners.Cross_Browser_Sequantial_Execution_<br>Test method: Runs Cucumber Scenarios<br>Parameters: "DWS_09 Remove Product from Cart", "Demo Webshop application"</td>
<td></td>
<td>23</td>
<td>DemoWebShop.TestRunners.Cross_Browser_Sequantial_Execution_@5c5eefef</td></tr>
</table><p>
</body>
</html>